Testsuite: model.ProductTest
Tests run: 25, Failures: 25, Errors: 0, Time elapsed: 0.078 sec

Testcase: testSetSize took 0 sec
	FAILED
Not yet implemented
junit.framework.AssertionFailedError: Not yet implemented
	at model.ProductTest.testSetSize(ProductTest.java:253)

Testcase: testGetSize took 0 sec
	FAILED
Not yet implemented
junit.framework.AssertionFailedError: Not yet implemented
	at model.ProductTest.testGetSize(ProductTest.java:199)

Testcase: testHashCode took 0 sec
	FAILED
Not yet implemented
junit.framework.AssertionFailedError: Not yet implemented
	at model.ProductTest.testHashCode(ProductTest.java:55)

Testcase: testToString took 0 sec
	FAILED
Not yet implemented
junit.framework.AssertionFailedError: Not yet implemented
	at model.ProductTest.testToString(ProductTest.java:271)

Testcase: testProduct took 0 sec
	FAILED
Not yet implemented
junit.framework.AssertionFailedError: Not yet implemented
	at model.ProductTest.testProduct(ProductTest.java:64)

Testcase: testAbleToSetBarcode took 0 sec
	FAILED
Not yet implemented
junit.framework.AssertionFailedError: Not yet implemented
	at model.ProductTest.testAbleToSetBarcode(ProductTest.java:82)

Testcase: testAbleToAddContainer took 0 sec
	FAILED
Not yet implemented
junit.framework.AssertionFailedError: Not yet implemented
	at model.ProductTest.testAbleToAddContainer(ProductTest.java:73)

Testcase: testAbleToSetDescription took 0 sec
	FAILED
Not yet implemented
junit.framework.AssertionFailedError: Not yet implemented
	at model.ProductTest.testAbleToSetDescription(ProductTest.java:91)

Testcase: testAbleToSetShelfLife took 0 sec
	FAILED
Not yet implemented
junit.framework.AssertionFailedError: Not yet implemented
	at model.ProductTest.testAbleToSetShelfLife(ProductTest.java:100)

Testcase: testAbleToSetThreeMonthSupply took 0 sec
	FAILED
Not yet implemented
junit.framework.AssertionFailedError: Not yet implemented
	at model.ProductTest.testAbleToSetThreeMonthSupply(ProductTest.java:118)

Testcase: testRemoveContainer took 0 sec
	FAILED
Not yet implemented
junit.framework.AssertionFailedError: Not yet implemented
	at model.ProductTest.testRemoveContainer(ProductTest.java:145)

Testcase: testEqualsObject took 0 sec
	FAILED
Not yet implemented
junit.framework.AssertionFailedError: Not yet implemented
	at model.ProductTest.testEqualsObject(ProductTest.java:154)

Testcase: testSetThreeMonthSupply took 0 sec
	FAILED
Not yet implemented
junit.framework.AssertionFailedError: Not yet implemented
	at model.ProductTest.testSetThreeMonthSupply(ProductTest.java:262)

Testcase: testGetBarcode took 0 sec
	FAILED
Not yet implemented
junit.framework.AssertionFailedError: Not yet implemented
	at model.ProductTest.testGetBarcode(ProductTest.java:163)

Testcase: testGetShelfLife took 0 sec
	FAILED
Not yet implemented
junit.framework.AssertionFailedError: Not yet implemented
	at model.ProductTest.testGetShelfLife(ProductTest.java:190)

Testcase: testSetBarcode took 0 sec
	FAILED
Not yet implemented
junit.framework.AssertionFailedError: Not yet implemented
	at model.ProductTest.testSetBarcode(ProductTest.java:217)

Testcase: testGetCreationDate took 0 sec
	FAILED
Not yet implemented
junit.framework.AssertionFailedError: Not yet implemented
	at model.ProductTest.testGetCreationDate(ProductTest.java:172)

Testcase: testSetDescription took 0 sec
	FAILED
Not yet implemented
junit.framework.AssertionFailedError: Not yet implemented
	at model.ProductTest.testSetDescription(ProductTest.java:235)

Testcase: testSetShelfLife took 0 sec
	FAILED
Not yet implemented
junit.framework.AssertionFailedError: Not yet implemented
	at model.ProductTest.testSetShelfLife(ProductTest.java:244)

Testcase: testAbleToSetSize took 0 sec
	FAILED
Not yet implemented
junit.framework.AssertionFailedError: Not yet implemented
	at model.ProductTest.testAbleToSetSize(ProductTest.java:109)

Testcase: testAddContainer took 0 sec
	FAILED
Not yet implemented
junit.framework.AssertionFailedError: Not yet implemented
	at model.ProductTest.testAddContainer(ProductTest.java:127)

Testcase: testSetCreationDate took 0 sec
	FAILED
Not yet implemented
junit.framework.AssertionFailedError: Not yet implemented
	at model.ProductTest.testSetCreationDate(ProductTest.java:226)

Testcase: testGetThreeMonthSupply took 0 sec
	FAILED
Not yet implemented
junit.framework.AssertionFailedError: Not yet implemented
	at model.ProductTest.testGetThreeMonthSupply(ProductTest.java:208)

Testcase: testAbleToRemoveContainer took 0.015 sec
	FAILED
Not yet implemented
junit.framework.AssertionFailedError: Not yet implemented
	at model.ProductTest.testAbleToRemoveContainer(ProductTest.java:136)

Testcase: testGetDescription took 0 sec
	FAILED
Not yet implemented
junit.framework.AssertionFailedError: Not yet implemented
	at model.ProductTest.testGetDescription(ProductTest.java:181)

